Build started 2015-05-16 오후 12:25:18.
     1>Project "D:\Programming\AokanaCGExtractor\AokanaCGExtractor.vcxproj" on node 2 (Build target(s)).
     1>ClCompile:
         C:\Program Files (x86)\Microsoft Visual Studio 12.0\VC\bin\CL.exe /c /Zi /nologo /W3 /WX- /sdl /O2 /Oi /Oy- /GL /D WIN32 /D NDEBUG /D _WINDOWS /D _UNICODE /D UNICODE /Gm- /EHsc /MT /GS /Gy /fp:precise /Zc:wchar_t /Zc:forScope /Fo"Release\\" /Fd"Release\vc120.pdb" /Gd /TP /analyze- /errorReport:prompt Main.cpp
         Main.cpp
       Link:
         C:\Program Files (x86)\Microsoft Visual Studio 12.0\VC\bin\link.exe /ERRORREPORT:PROMPT /OUT:"D:\Programming\AokanaCGExtractor\Release\AokanaCGExtractor.exe" /INCREMENTAL:NO /NOLOGO kernel32.lib user32.lib gdi32.lib winspool.lib comdlg32.lib advapi32.lib shell32.lib ole32.lib oleaut32.lib uuid.lib odbc32.lib odbccp32.lib /MANIFEST /MANIFESTUAC:"level='requireAdministrator' uiAccess='false'" /manifest:embed /DEBUG /PDB:"D:\Programming\AokanaCGExtractor\Release\AokanaCGExtractor.pdb" /SUBSYSTEM:WINDOWS /OPT:REF /OPT:ICF /LTCG /TLBID:1 /DYNAMICBASE /NXCOMPAT /IMPLIB:"D:\Programming\AokanaCGExtractor\Release\AokanaCGExtractor.lib" /MACHINE:X86 /SAFESEH Release\Image.obj
         Release\Main.obj
         Generating code
         Finished generating code
     1>libpng16.lib(pngwrite.obj) : warning LNK4204: 'D:\Programming\AokanaCGExtractor\Release\vc120.pdb' is missing debugging information for referencing module; linking object as if no debug info
     1>libpng16.lib(pngget.obj) : warning LNK4204: 'D:\Programming\AokanaCGExtractor\Release\vc120.pdb' is missing debugging information for referencing module; linking object as if no debug info
     1>libpng16.lib(png.obj) : warning LNK4204: 'D:\Programming\AokanaCGExtractor\Release\vc120.pdb' is missing debugging information for referencing module; linking object as if no debug info
     1>libpng16.lib(pngerror.obj) : warning LNK4204: 'D:\Programming\AokanaCGExtractor\Release\vc120.pdb' is missing debugging information for referencing module; linking object as if no debug info
     1>libpng16.lib(pngset.obj) : warning LNK4204: 'D:\Programming\AokanaCGExtractor\Release\vc120.pdb' is missing debugging information for referencing module; linking object as if no debug info
     1>libpng16.lib(pngwutil.obj) : warning LNK4204: 'D:\Programming\AokanaCGExtractor\Release\vc120.pdb' is missing debugging information for referencing module; linking object as if no debug info
     1>libpng16.lib(pngwio.obj) : warning LNK4204: 'D:\Programming\AokanaCGExtractor\Release\vc120.pdb' is missing debugging information for referencing module; linking object as if no debug info
     1>libpng16.lib(pngtrans.obj) : warning LNK4204: 'D:\Programming\AokanaCGExtractor\Release\vc120.pdb' is missing debugging information for referencing module; linking object as if no debug info
     1>libpng16.lib(pngwtran.obj) : warning LNK4204: 'D:\Programming\AokanaCGExtractor\Release\vc120.pdb' is missing debugging information for referencing module; linking object as if no debug info
     1>libpng16.lib(pngmem.obj) : warning LNK4204: 'D:\Programming\AokanaCGExtractor\Release\vc120.pdb' is missing debugging information for referencing module; linking object as if no debug info
     1>libpng16.lib(pngread.obj) : warning LNK4204: 'D:\Programming\AokanaCGExtractor\Release\vc120.pdb' is missing debugging information for referencing module; linking object as if no debug info
     1>libpng16.lib(pngrio.obj) : warning LNK4204: 'D:\Programming\AokanaCGExtractor\Release\vc120.pdb' is missing debugging information for referencing module; linking object as if no debug info
     1>libpng16.lib(pngrutil.obj) : warning LNK4204: 'D:\Programming\AokanaCGExtractor\Release\vc120.pdb' is missing debugging information for referencing module; linking object as if no debug info
     1>libpng16.lib(pngrtran.obj) : warning LNK4204: 'D:\Programming\AokanaCGExtractor\Release\vc120.pdb' is missing debugging information for referencing module; linking object as if no debug info
     1>zlib.lib(deflate.obj) : warning LNK4204: 'D:\Programming\AokanaCGExtractor\Release\vc120.pdb' is missing debugging information for referencing module; linking object as if no debug info
     1>zlib.lib(adler32.obj) : warning LNK4204: 'D:\Programming\AokanaCGExtractor\Release\vc120.pdb' is missing debugging information for referencing module; linking object as if no debug info
     1>zlib.lib(crc32.obj) : warning LNK4204: 'D:\Programming\AokanaCGExtractor\Release\vc120.pdb' is missing debugging information for referencing module; linking object as if no debug info
     1>zlib.lib(inflate.obj) : warning LNK4204: 'D:\Programming\AokanaCGExtractor\Release\vc120.pdb' is missing debugging information for referencing module; linking object as if no debug info
     1>zlib.lib(zutil.obj) : warning LNK4204: 'D:\Programming\AokanaCGExtractor\Release\vc120.pdb' is missing debugging information for referencing module; linking object as if no debug info
     1>zlib.lib(trees.obj) : warning LNK4204: 'D:\Programming\AokanaCGExtractor\Release\vc120.pdb' is missing debugging information for referencing module; linking object as if no debug info
     1>zlib.lib(inffast.obj) : warning LNK4204: 'D:\Programming\AokanaCGExtractor\Release\vc120.pdb' is missing debugging information for referencing module; linking object as if no debug info
     1>zlib.lib(inftrees.obj) : warning LNK4204: 'D:\Programming\AokanaCGExtractor\Release\vc120.pdb' is missing debugging information for referencing module; linking object as if no debug info
         AokanaCGExtractor.vcxproj -> D:\Programming\AokanaCGExtractor\Release\AokanaCGExtractor.exe
     1>Done Building Project "D:\Programming\AokanaCGExtractor\AokanaCGExtractor.vcxproj" (Build target(s)).

Build succeeded.

Time Elapsed 00:00:01.46
